Mono path[0] = 'C:/Users/mashi/Desktop/VSCode/python/COGS300Tournament/MinimalProject/tournamentenv/Final Project Testing V2_Data/Managed'
Mono config path = 'C:/Users/mashi/Desktop/VSCode/python/COGS300Tournament/MinimalProject/tournamentenv/MonoBleedingEdge/etc'
Initialize engine version: 2020.3.40f1 (ba48d4efcef1)
[Subsystems] Discovering subsystems at path C:/Users/mashi/Desktop/VSCode/python/COGS300Tournament/MinimalProject/tournamentenv/Final Project Testing V2_Data/UnitySubsystems
GfxDevice: creating device client; threaded=1
Direct3D:
    Version:  Direct3D 11.0 [level 11.1]
    Renderer: Intel(R) UHD Graphics 617 (ID=0x87c0)
    Vendor:   
    VRAM:     4027 MB
    Driver:   31.0.101.2111
Begin MonoManager ReloadAssembly
- Completed reload, in  0.152 seconds
<RI> Initializing input.
<RI> Input initialized.
<RI> Initialized touch support.
UnloadTime: 1.542100 ms
Fallback handler could not load library C:/Users/mashi/Desktop/VSCode/python/COGS300Tournament/MinimalProject/tournamentenv/Final Project Testing V2_Data/Mono/libcoreclr.so
Fallback handler could not load library C:/Users/mashi/Desktop/VSCode/python/COGS300Tournament/MinimalProject/tournamentenv/Final Project Testing V2_Data/Mono/libcoreclr.so.dll
Fallback handler could not load library C:/Users/mashi/Desktop/VSCode/python/COGS300Tournament/MinimalProject/tournamentenv/Final Project Testing V2_Data/Mono/libcoreclr.so
Fallback handler could not load library C:/Users/mashi/Desktop/VSCode/python/COGS300Tournament/MinimalProject/tournamentenv/Final Project Testing V2_Data/Mono/libdl.so
Fallback handler could not load library C:/Users/mashi/Desktop/VSCode/python/COGS300Tournament/MinimalProject/tournamentenv/Final Project Testing V2_Data/Mono/libdl.so.dll
Fallback handler could not load library C:/Users/mashi/Desktop/VSCode/python/COGS300Tournament/MinimalProject/tournamentenv/Final Project Testing V2_Data/Mono/libdl.so
Fallback handler could not load library C:/Users/mashi/Desktop/VSCode/python/COGS300Tournament/MinimalProject/tournamentenv/Final Project Testing V2_Data/Mono/libSystem.dylib
Fallback handler could not load library C:/Users/mashi/Desktop/VSCode/python/COGS300Tournament/MinimalProject/tournamentenv/Final Project Testing V2_Data/Mono/libSystem.dylib.dll
Fallback handler could not load library C:/Users/mashi/Desktop/VSCode/python/COGS300Tournament/MinimalProject/tournamentenv/Final Project Testing V2_Data/Mono/libSystem.dylib
Fallback handler could not load library C:/Users/mashi/Desktop/VSCode/python/COGS300Tournament/MinimalProject/tournamentenv/Final Project Testing V2_Data/Mono/libcoreclr.so
Fallback handler could not load library C:/Users/mashi/Desktop/VSCode/python/COGS300Tournament/MinimalProject/tournamentenv/Final Project Testing V2_Data/Mono/libcoreclr.so.dll
Fallback handler could not load library C:/Users/mashi/Desktop/VSCode/python/COGS300Tournament/MinimalProject/tournamentenv/Final Project Testing V2_Data/Mono/libcoreclr.so
Fallback handler could not load library C:/Users/mashi/Desktop/VSCode/python/COGS300Tournament/MinimalProject/tournamentenv/Final Project Testing V2_Data/Mono/libdl.so
Fallback handler could not load library C:/Users/mashi/Desktop/VSCode/python/COGS300Tournament/MinimalProject/tournamentenv/Final Project Testing V2_Data/Mono/libdl.so.dll
Fallback handler could not load library C:/Users/mashi/Desktop/VSCode/python/COGS300Tournament/MinimalProject/tournamentenv/Final Project Testing V2_Data/Mono/libdl.so
Fallback handler could not load library C:/Users/mashi/Desktop/VSCode/python/COGS300Tournament/MinimalProject/tournamentenv/Final Project Testing V2_Data/Mono/libSystem.dylib
Fallback handler could not load library C:/Users/mashi/Desktop/VSCode/python/COGS300Tournament/MinimalProject/tournamentenv/Final Project Testing V2_Data/Mono/libSystem.dylib.dll
Fallback handler could not load library C:/Users/mashi/Desktop/VSCode/python/COGS300Tournament/MinimalProject/tournamentenv/Final Project Testing V2_Data/Mono/libSystem.dylib
NullReferenceException: Object reference not set to an instance of an object
  at CameraControls.Start () [0x0000c] in <2badadee07d844ed9a5f67e173ecd3e0>:0 

Setting up 2 worker threads for Enlighten.
  Thread -> id: 2504 -> priority: 1 
  Thread -> id: 3e10 -> priority: 1 
